<?xml version="1.0" encoding="UTF-8"?>
<!-- Generated by org.testng.reporters.JUnitReportReporter -->
<testsuite hostname="JustCODE" failures="0" tests="1" name="runnerClass.RunnerIO" time="20.394" errors="0" timestamp="2023-06-20T09:19:59 IST" skipped="0">
  <testcase classname="runnerClass.RunnerIO" name="runScenario" time="20.394"/>
  <system-out/>
</testsuite> <!-- runnerClass.RunnerIO -->
